[2021-02-09T09:24:46.525] [ERROR] system - Op is not defined
[2021-02-09T09:27:47.649] [ERROR] system - Op is not defined
[2021-02-09T09:27:48.384] [ERROR] system - Op is not defined
[2021-02-09T09:27:48.977] [ERROR] system - Op is not defined
[2021-02-09T09:27:49.120] [ERROR] system - Op is not defined
[2021-02-09T09:27:49.300] [ERROR] system - Op is not defined
[2021-02-09T09:27:49.442] [ERROR] system - Op is not defined
[2021-02-09T09:27:49.616] [ERROR] system - Op is not defined
[2021-02-09T09:27:49.834] [ERROR] system - Op is not defined
[2021-02-09T09:28:47.680] [ERROR] system - Op is not defined
[2021-02-09T09:30:58.940] [ERROR] system - Op is not defined
[2021-02-09T09:31:00.014] [ERROR] system - Op is not defined
[2021-02-09T09:31:00.178] [ERROR] system - Op is not defined
[2021-02-09T09:31:00.302] [ERROR] system - Op is not defined
[2021-02-09T09:31:00.463] [ERROR] system - Op is not defined
[2021-02-09T09:31:03.495] [ERROR] system - Op is not defined
[2021-02-09T09:31:59.158] [ERROR] system - Op is not defined
[2021-02-09T09:34:48.004] [ERROR] system - Op is not defined
[2021-02-09T09:37:55.702] [ERROR] system - Op is not defined
[2021-02-09T09:38:55.429] [ERROR] system - Op is not defined
[2021-02-09T09:39:01.904] [ERROR] system - Op is not defined
[2021-02-09T09:41:10.154] [ERROR] system - Op is not defined
[2021-02-09T09:41:17.822] [ERROR] system - Op is not defined
[2021-02-09T09:41:17.978] [ERROR] system - Op is not defined
[2021-02-09T09:41:18.142] [ERROR] system - Op is not defined
[2021-02-09T09:41:18.277] [ERROR] system - Op is not defined
[2021-02-09T09:41:18.417] [ERROR] system - Op is not defined
[2021-02-09T09:42:31.969] [ERROR] system - Op is not defined
[2021-02-09T09:42:32.742] [ERROR] system - Op is not defined
[2021-02-09T09:42:32.964] [ERROR] system - Op is not defined
[2021-02-09T09:42:35.876] [ERROR] system - Op is not defined
[2021-02-09T09:42:36.376] [ERROR] system - Op is not defined
[2021-02-09T09:42:36.550] [ERROR] system - Op is not defined
[2021-02-09T09:42:36.670] [ERROR] system - Op is not defined
[2021-02-09T09:42:36.819] [ERROR] system - Op is not defined
[2021-02-09T09:42:36.971] [ERROR] system - Op is not defined
[2021-02-09T09:45:18.050] [ERROR] system - Op is not defined
[2021-02-09T09:45:40.737] [ERROR] system - Op is not defined
[2021-02-09T10:22:18.597] [ERROR] system - Op is not defined
[2021-02-09T10:22:42.702] [ERROR] system - Op is not defined
[2021-02-09T10:22:42.833] [ERROR] system - Op is not defined
[2021-02-09T10:22:42.987] [ERROR] system - Op is not defined
[2021-02-09T10:22:43.105] [ERROR] system - Op is not defined
[2021-02-09T10:22:43.230] [ERROR] system - Op is not defined
[2021-02-09T10:26:09.118] [ERROR] system - Op is not defined
[2021-02-09T10:27:21.195] [ERROR] system - Op is not defined
[2021-02-09T10:27:21.783] [ERROR] system - Op is not defined
[2021-02-09T10:27:21.912] [ERROR] system - Op is not defined
[2021-02-09T10:27:51.284] [ERROR] system - Op is not defined
[2021-02-09T10:27:51.929] [ERROR] system - Op is not defined
[2021-02-09T10:27:52.131] [ERROR] system - Op is not defined
[2021-02-09T10:28:49.347] [ERROR] system - Op is not defined
[2021-02-09T10:28:50.016] [ERROR] system - Op is not defined
[2021-02-09T10:29:00.242] [ERROR] system - Op is not defined
[2021-02-09T10:31:00.234] [ERROR] system - search is not defined
[2021-02-09T10:31:03.674] [ERROR] system - search is not defined
[2021-02-09T10:32:23.855] [ERROR] system - search is not defined
[2021-02-09T10:33:05.619] [ERROR] system - search is not defined
[2021-02-09T10:37:56.493] [ERROR] system - search is not defined
[2021-02-09T10:39:52.121] [ERROR] system - search is not defined
[2021-02-09T10:44:46.333] [ERROR] system - Op is not defined
[2021-02-09T10:44:55.910] [ERROR] system - Op is not defined
[2021-02-09T10:45:28.944] [ERROR] system - Op is not defined
[2021-02-09T10:45:33.439] [ERROR] system - Op is not defined
[2021-02-09T10:53:20.013] [ERROR] system - Op is not defined
[2021-02-09T10:53:33.377] [ERROR] system - Op is not defined
[2021-02-09T11:36:06.778] [ERROR] system - Op is not defined
[2021-02-09T11:36:37.579] [ERROR] system - Op is not defined
[2021-02-09T11:36:38.118] [ERROR] system - Op is not defined
[2021-02-09T11:36:38.259] [ERROR] system - Op is not defined
[2021-02-09T11:36:38.418] [ERROR] system - Op is not defined
[2021-02-09T11:36:38.559] [ERROR] system - Op is not defined
[2021-02-09T11:36:38.741] [ERROR] system - Op is not defined
[2021-02-09T11:49:51.893] [ERROR] system - Op is not defined
[2021-02-09T11:51:16.725] [ERROR] system - Op is not defined
[2021-02-09T11:58:52.928] [ERROR] system - C:\prod\app\views\search\index.ejs:23
    21|             <div class="search-item">
    22|   
 >> 23|               <input class="form-control search" type="search" id="keyword" name="keyword" value="<%= keyword %>" action="/search" placeholder="記事検索">
    24|   
    25|               <button class="search-btn" type="submit">
    26|                 <svg version="1.1" id="_x31_0" xmlns="http://www.w3.org/2000/svg"

keyword is not defined
[2021-02-09T11:58:54.110] [ERROR] system - C:\prod\app\views\search\index.ejs:23
    21|             <div class="search-item">
    22|   
 >> 23|               <input class="form-control search" type="search" id="keyword" name="keyword" value="<%= keyword %>" action="/search" placeholder="記事検索">
    24|   
    25|               <button class="search-btn" type="submit">
    26|                 <svg version="1.1" id="_x31_0" xmlns="http://www.w3.org/2000/svg"

keyword is not defined
[2021-02-09T11:58:54.336] [ERROR] system - C:\prod\app\views\search\index.ejs:23
    21|             <div class="search-item">
    22|   
 >> 23|               <input class="form-control search" type="search" id="keyword" name="keyword" value="<%= keyword %>" action="/search" placeholder="記事検索">
    24|   
    25|               <button class="search-btn" type="submit">
    26|                 <svg version="1.1" id="_x31_0" xmlns="http://www.w3.org/2000/svg"

keyword is not defined
[2021-02-10T00:28:18.829] [ERROR] system - C:\prod\app\views\profile\index.ejs:12
    10| <body>
    11| 
 >> 12|   <%- include(".,/_share/header.ejs") %>
    13|     <!--mainコンテンツ-->
    14|     <main class="container mg">
    15| 

Could not find the include file ".,/_share/header.ejs"
[2021-02-13T10:44:41.394] [ERROR] system - check(...).not(...).isEmpty.withMessage is not a function
[2021-02-13T10:44:59.903] [ERROR] system - check(...).not(...).isEmpty.withMessage is not a function
[2021-02-13T10:46:18.753] [ERROR] system - check(...).not(...).isEmpty.withMessage is not a function
[2021-02-13T10:46:23.092] [ERROR] system - check(...).not(...).isEmpty.withMessage is not a function
[2021-02-13T10:46:47.981] [ERROR] system - check(...).not(...).isEmpty.withMessage is not a function
[2021-02-13T10:47:07.998] [ERROR] system - check(...).not(...).isEmpty.withMessage is not a function
[2021-02-13T10:48:59.938] [ERROR] system - check(...).not(...).isEmpty.withMessage is not a function
[2021-02-13T10:49:17.159] [ERROR] system - check(...).not(...).isEmpty.withMessage is not a function
[2021-02-13T10:51:25.131] [ERROR] system - check(...).not(...).isEmpty.withMessage is not a function
[2021-02-13T10:53:32.810] [ERROR] system - check(...).not(...).isEmpty.withMessage is not a function
[2021-02-13T10:53:47.232] [ERROR] system - check(...).not(...).isEmpty.withMessage is not a function
[2021-02-13T10:55:25.296] [ERROR] system - check(...).not(...).isEmpty.withMessage is not a function
[2021-02-13T12:10:53.233] [ERROR] system - check(...).not(...).isEmpty.withMessage is not a function
[2021-02-13T12:18:10.899] [ERROR] system - check(...).not(...).isEmpty.withMessage is not a function
[2021-02-13T12:24:53.595] [ERROR] system - check(...).not(...).isEmpty.withMessage is not a function
[2021-02-13T12:57:31.594] [ERROR] system - C:\prod\app\views\contact\index.ejs:24
    22|               <% var errors=locals.errors || {}; var original=locals.original || {}; %>
    23|                 <div class="form-group">
 >> 24|                   <label for="name">お名前<%if (locals.errors) {%><span><%=errors[0].msg%></span><%}%></label>
    25|                   <input class="form-control" id="name" name="name" type="text" value="<%= original.name %>">
    26|                 </div>
    27|                 <div class="form-group">

Cannot read property 'msg' of undefined
[2021-02-13T12:57:37.710] [ERROR] system - C:\prod\app\views\contact\index.ejs:24
    22|               <% var errors=locals.errors || {}; var original=locals.original || {}; %>
    23|                 <div class="form-group">
 >> 24|                   <label for="name">お名前<%if (locals.errors) {%><span><%=errors[0].msg%></span><%}%></label>
    25|                   <input class="form-control" id="name" name="name" type="text" value="<%= original.name %>">
    26|                 </div>
    27|                 <div class="form-group">

Cannot read property 'msg' of undefined
[2021-02-13T16:36:41.693] [ERROR] system - C:\prod\app\views\contact\index.ejs:24
    22|               <% var errors=locals.errors || {}; var original=locals.original || {}; %>
    23|                 <div class="form-group">
 >> 24|                   <label for="name">お名前<%if (locals.errors) {%><span><%=errors[0].msg%></span><%}%></label>
    25|                   <input class="form-control" id="name" name="name" type="text" value="<%= original.name %>">
    26|                 </div>
    27|                 <div class="form-group">

Cannot read property 'msg' of undefined
[2021-02-13T16:37:50.216] [ERROR] system - Cannot read property 'msg' of undefined
[2021-02-13T16:38:31.924] [ERROR] system - C:\prod\app\views\contact\index.ejs:24
    22|               <% var errors=locals.errors || {}; var original=locals.original || {}; %>
    23|                 <div class="form-group">
 >> 24|                   <label for="name">お名前<%if (locals.errors) {%><span><%=errors[0].msg%></span><%}%></label>
    25|                   <input class="form-control" id="name" name="name" type="text" value="<%= original.name %>">
    26|                 </div>
    27|                 <div class="form-group">

Cannot read property 'msg' of undefined
[2021-02-13T16:39:18.183] [ERROR] system - C:\prod\app\views\contact\index.ejs:24
    22|               <% var errors=locals.errors || {}; var original=locals.original || {}; %>
    23|                 <div class="form-group">
 >> 24|                   <label for="name">お名前<%if (locals.errors) {%><span><%=errors[0].msg%></span><%}%></label>
    25|                   <input class="form-control" id="name" name="name" type="text" value="<%= original.name %>">
    26|                 </div>
    27|                 <div class="form-group">

Cannot read property 'msg' of undefined
[2021-02-13T16:39:32.405] [ERROR] system - C:\prod\app\views\contact\index.ejs:24
    22|               <% var errors=locals.errors || {}; var original=locals.original || {}; %>
    23|                 <div class="form-group">
 >> 24|                   <label for="name">お名前<%if (locals.errors) {%><span><%=errors[0].msg%></span><%}%></label>
    25|                   <input class="form-control" id="name" name="name" type="text" value="<%= original.name %>">
    26|                 </div>
    27|                 <div class="form-group">

Cannot read property 'msg' of undefined
[2021-02-13T16:39:53.592] [ERROR] system - C:\prod\app\views\contact\index.ejs:24
    22|               <% var errors=locals.errors || {}; var original=locals.original || {}; %>
    23|                 <div class="form-group">
 >> 24|                   <label for="name">お名前<%if (locals.errors) {%><span><%=errors[0].msg%></span><%}%></label>
    25|                   <input class="form-control" id="name" name="name" type="text" value="<%= original.name %>">
    26|                 </div>
    27|                 <div class="form-group">

Cannot read property 'msg' of undefined
[2021-02-15T00:47:20.648] [ERROR] system - Cannot read property 'msg' of undefined
[2021-02-16T23:27:17.338] [ERROR] system - C:\prod\app\views\contact\index.ejs:23
    21|               <!--初回アクセス時にlocals.originalやlocals.errorsは存在しない-->
    22|               <% var original=locals.original || {}; %>
 >> 23|                 <% if (message) { %>
    24|                   <div class="error-message">
    25|                     入力内容に問題があります。確認して再度お試しください。
    26|                   </div>

message is not defined
[2021-02-16T23:28:27.314] [ERROR] system - C:\prod\app\views\contact\index.ejs:29
    27|                   <% } %>
    28|                     <div class="form-group">
 >> 29|                       <label for="name">お名前（必須）<% if (message.name) { %><span>※<%= message.name %></span><% } %></label>
    30|                       <input class="form-control" id="name" name="name" type="text" value="<%= original.name %>">
    31|                     </div>
    32|                     <div class="form-group">

Cannot read property 'name' of undefined
[2021-02-16T23:28:28.205] [ERROR] system - C:\prod\app\views\contact\index.ejs:29
    27|                   <% } %>
    28|                     <div class="form-group">
 >> 29|                       <label for="name">お名前（必須）<% if (message.name) { %><span>※<%= message.name %></span><% } %></label>
    30|                       <input class="form-control" id="name" name="name" type="text" value="<%= original.name %>">
    31|                     </div>
    32|                     <div class="form-group">

Cannot read property 'name' of undefined
[2021-02-16T23:28:34.339] [ERROR] system - C:\prod\app\views\contact\index.ejs:29
    27|                   <% } %>
    28|                     <div class="form-group">
 >> 29|                       <label for="name">お名前（必須）<% if (message.name) { %><span>※<%= message.name %></span><% } %></label>
    30|                       <input class="form-control" id="name" name="name" type="text" value="<%= original.name %>">
    31|                     </div>
    32|                     <div class="form-group">

Cannot read property 'name' of undefined
[2021-02-19T19:27:04.933] [ERROR] system - Cannot set headers after they are sent to the client
[2021-02-19T19:27:11.367] [ERROR] system - Cannot set headers after they are sent to the client
[2021-02-22T11:58:40.541] [ERROR] system - C:\prod\views\index.ejs:66
    64|     </main>
    65| 
 >> 66|     <%- include("./_share/footer.ejs") %>
    67| 
    68| </body>
    69| 

C:\prod\views\_share\footer.ejs:7
    5|         <h4 class="footer-archive-title">ARCHIVE</h4>
    6|         <ul>
 >> 7|           <% archiveDate.foreach(element => { %>
    8|           <li><%= element.date %>（<%= element.count %>）</li>
    9|           <% }); %>
    10|         </ul>

archiveDate.foreach is not a function
[2021-02-22T11:58:42.159] [ERROR] system - C:\prod\views\index.ejs:66
    64|     </main>
    65| 
 >> 66|     <%- include("./_share/footer.ejs") %>
    67| 
    68| </body>
    69| 

C:\prod\views\_share\footer.ejs:7
    5|         <h4 class="footer-archive-title">ARCHIVE</h4>
    6|         <ul>
 >> 7|           <% archiveDate.foreach(element => { %>
    8|           <li><%= element.date %>（<%= element.count %>）</li>
    9|           <% }); %>
    10|         </ul>

archiveDate.foreach is not a function
[2021-02-22T12:01:33.435] [ERROR] system - C:\prod\views\index.ejs:66
    64|     </main>
    65| 
 >> 66|     <%- include("./_share/footer.ejs") %>
    67| 
    68| </body>
    69| 

C:\prod\views\_share\footer.ejs:7
    5|         <h4 class="footer-archive-title">ARCHIVE</h4>
    6|         <ul>
 >> 7|           <% for (var item of archiveDate) { %>
    8|           <li><%= item.date %>（<%= item.count %>）</li>
    9|           <% } %>
    10|         </ul>

archiveDate is not iterable
[2021-02-22T12:01:33.999] [ERROR] system - C:\prod\views\index.ejs:66
    64|     </main>
    65| 
 >> 66|     <%- include("./_share/footer.ejs") %>
    67| 
    68| </body>
    69| 

C:\prod\views\_share\footer.ejs:7
    5|         <h4 class="footer-archive-title">ARCHIVE</h4>
    6|         <ul>
 >> 7|           <% for (var item of archiveDate) { %>
    8|           <li><%= item.date %>（<%= item.count %>）</li>
    9|           <% } %>
    10|         </ul>

archiveDate is not iterable
[2021-02-22T12:01:34.382] [ERROR] system - C:\prod\views\index.ejs:66
    64|     </main>
    65| 
 >> 66|     <%- include("./_share/footer.ejs") %>
    67| 
    68| </body>
    69| 

C:\prod\views\_share\footer.ejs:7
    5|         <h4 class="footer-archive-title">ARCHIVE</h4>
    6|         <ul>
 >> 7|           <% for (var item of archiveDate) { %>
    8|           <li><%= item.date %>（<%= item.count %>）</li>
    9|           <% } %>
    10|         </ul>

archiveDate is not iterable
[2021-02-22T12:01:34.545] [ERROR] system - C:\prod\views\index.ejs:66
    64|     </main>
    65| 
 >> 66|     <%- include("./_share/footer.ejs") %>
    67| 
    68| </body>
    69| 

C:\prod\views\_share\footer.ejs:7
    5|         <h4 class="footer-archive-title">ARCHIVE</h4>
    6|         <ul>
 >> 7|           <% for (var item of archiveDate) { %>
    8|           <li><%= item.date %>（<%= item.count %>）</li>
    9|           <% } %>
    10|         </ul>

archiveDate is not iterable
[2021-02-22T12:01:34.718] [ERROR] system - C:\prod\views\index.ejs:66
    64|     </main>
    65| 
 >> 66|     <%- include("./_share/footer.ejs") %>
    67| 
    68| </body>
    69| 

C:\prod\views\_share\footer.ejs:7
    5|         <h4 class="footer-archive-title">ARCHIVE</h4>
    6|         <ul>
 >> 7|           <% for (var item of archiveDate) { %>
    8|           <li><%= item.date %>（<%= item.count %>）</li>
    9|           <% } %>
    10|         </ul>

archiveDate is not iterable
[2021-02-22T12:02:44.435] [ERROR] system - C:\prod\views\index.ejs:66
    64|     </main>
    65| 
 >> 66|     <%- include("./_share/footer.ejs") %>
    67| 
    68| </body>
    69| 

C:\prod\views\_share\footer.ejs:7
    5|         <h4 class="footer-archive-title">ARCHIVE</h4>
    6|         <ul>
 >> 7|           <% for (var item of archiveDate) { %>
    8|           <li><%= item.date %>（<%= item.count %>）</li>
    9|           <% } %>
    10|         </ul>

archiveDate is not iterable
[2021-02-22T12:02:45.491] [ERROR] system - C:\prod\views\index.ejs:66
    64|     </main>
    65| 
 >> 66|     <%- include("./_share/footer.ejs") %>
    67| 
    68| </body>
    69| 

C:\prod\views\_share\footer.ejs:7
    5|         <h4 class="footer-archive-title">ARCHIVE</h4>
    6|         <ul>
 >> 7|           <% for (var item of archiveDate) { %>
    8|           <li><%= item.date %>（<%= item.count %>）</li>
    9|           <% } %>
    10|         </ul>

archiveDate is not iterable
[2021-02-22T12:02:46.466] [ERROR] system - C:\prod\views\index.ejs:66
    64|     </main>
    65| 
 >> 66|     <%- include("./_share/footer.ejs") %>
    67| 
    68| </body>
    69| 

C:\prod\views\_share\footer.ejs:7
    5|         <h4 class="footer-archive-title">ARCHIVE</h4>
    6|         <ul>
 >> 7|           <% for (var item of archiveDate) { %>
    8|           <li><%= item.date %>（<%= item.count %>）</li>
    9|           <% } %>
    10|         </ul>

archiveDate is not iterable
[2021-02-22T12:02:46.667] [ERROR] system - C:\prod\views\index.ejs:66
    64|     </main>
    65| 
 >> 66|     <%- include("./_share/footer.ejs") %>
    67| 
    68| </body>
    69| 

C:\prod\views\_share\footer.ejs:7
    5|         <h4 class="footer-archive-title">ARCHIVE</h4>
    6|         <ul>
 >> 7|           <% for (var item of archiveDate) { %>
    8|           <li><%= item.date %>（<%= item.count %>）</li>
    9|           <% } %>
    10|         </ul>

archiveDate is not iterable
[2021-02-22T12:02:46.847] [ERROR] system - C:\prod\views\index.ejs:66
    64|     </main>
    65| 
 >> 66|     <%- include("./_share/footer.ejs") %>
    67| 
    68| </body>
    69| 

C:\prod\views\_share\footer.ejs:7
    5|         <h4 class="footer-archive-title">ARCHIVE</h4>
    6|         <ul>
 >> 7|           <% for (var item of archiveDate) { %>
    8|           <li><%= item.date %>（<%= item.count %>）</li>
    9|           <% } %>
    10|         </ul>

archiveDate is not iterable
[2021-02-22T12:02:49.296] [ERROR] system - C:\prod\views\index.ejs:66
    64|     </main>
    65| 
 >> 66|     <%- include("./_share/footer.ejs") %>
    67| 
    68| </body>
    69| 

C:\prod\views\_share\footer.ejs:7
    5|         <h4 class="footer-archive-title">ARCHIVE</h4>
    6|         <ul>
 >> 7|           <% for (var item of archiveDate) { %>
    8|           <li><%= item.date %>（<%= item.count %>）</li>
    9|           <% } %>
    10|         </ul>

archiveDate is not iterable
[2021-02-23T17:48:49.902] [ERROR] system - C:\prod\views\profile\index.ejs:43
    41|     </main>
    42| 
 >> 43|     <%- include("../_share/footer.ejs") %>
    44| 
    45| </body>
    46| 

C:\prod\views\_share\footer.ejs:7
    5|         <h4 class="footer-archive-title">ARCHIVE</h4>
    6|         <ul>
 >> 7|           <% for (var item of archiveDate) { %>
    8|             <li>
    9|               <%= item.date %>（<%= item.count %>）
    10|             </li>

archiveDate is not defined
[2021-02-23T17:50:20.904] [ERROR] system - C:\prod\views\profile\index.ejs:43
    41|     </main>
    42| 
 >> 43|     <%- include("../_share/footer.ejs") %>
    44| 
    45| </body>
    46| 

C:\prod\views\_share\footer.ejs:7
    5|         <h4 class="footer-archive-title">ARCHIVE</h4>
    6|         <ul>
 >> 7|           <% for (var item of archiveDate) { %>
    8|             <li>
    9|               <%= item.date %>（<%= item.count %>）
    10|             </li>

archiveDate is not defined
[2021-02-23T17:50:27.534] [ERROR] system - C:\prod\views\contact\index.ejs:62
    60|     </main>
    61| 
 >> 62|     <%- include("../_share/footer.ejs") %>
    63|     <%- include("../_share/javascript.ejs") %>
    64|       <script src="/public/javascripts/input/index.js"></script>
    65|       <script src="/public/javascripts/input/jquery.validate.min.js"></script>

C:\prod\views\_share\footer.ejs:7
    5|         <h4 class="footer-archive-title">ARCHIVE</h4>
    6|         <ul>
 >> 7|           <% for (var item of archiveDate) { %>
    8|             <li>
    9|               <%= item.date %>（<%= item.count %>）
    10|             </li>

archiveDate is not defined
[2021-02-23T17:50:30.159] [ERROR] system - C:\prod\views\article\index.ejs:45
    43|     </main>
    44| 
 >> 45|     <%- include("../_share/footer.ejs") %>
    46| 
    47| </body>
    48| 

C:\prod\views\_share\footer.ejs:7
    5|         <h4 class="footer-archive-title">ARCHIVE</h4>
    6|         <ul>
 >> 7|           <% for (var item of archiveDate) { %>
    8|             <li>
    9|               <%= item.date %>（<%= item.count %>）
    10|             </li>

archiveDate is not defined
[2021-02-23T18:21:34.191] [ERROR] system - C:\prod\views\profile\index.ejs:43
    41|     </main>
    42| 
 >> 43|     <%- include("../_share/footer.ejs") %>
    44| 
    45| </body>
    46| 

C:\prod\views\_share\footer.ejs:7
    5|         <h4 class="footer-archive-title">ARCHIVE</h4>
    6|         <ul class="archive-list">
 >> 7|           <% for (var item of archiveDate) { %>
    8|             <li class="archive-item">
    9|               <a class="archive-link" href="#"><%= item.date %>（<%= item.count %>）</a>
    10|             </li>

archiveDate is not defined
[2021-02-24T10:37:28.661] [ERROR] system - C:\prod\views\posts\index.ejs:74
    72|     </main>
    73| 
 >> 74|     <%- include("../_share/footer.ejs") %>
    75| 
    76| </body>
    77| 

C:\prod\views\_share\footer.ejs:7
    5|         <h4 class="footer-archive-title">ARCHIVE</h4>
    6|         <ul class="archive-list">
 >> 7|           <% for (var item of archiveDate) { %>
    8|             <li class="archive-item">
    9|               <a class="archive-link" href="#"><%= item.date %>（<%= item.count %>）</a>
    10|             </li>

archiveDate is not defined
[2021-02-26T01:43:42.126] [ERROR] system - C:\prod\app2\views\error\err.ejs:28
    26|     </main>
    27| 
 >> 28|     <%- include("../_share/footer.ejs") %>
    29| 
    30| </body>
    31| 

C:\prod\app2\views\_share\footer.ejs:7
    5|         <h4 class="footer-archive-title">ARCHIVE</h4>
    6|         <ul class="archive-list">
 >> 7|           <% for (var item of archiveDate) { %>
    8|             <li class="archive-item">
    9|               <a class="archive-link" href="/article/archive/date=<%= item.url %>"><%= item.date %>（<%= item.count %>）</a>
    10|             </li>

archiveDate is not defined
[2021-02-26T02:46:56.104] [ERROR] system - C:\prod\app2\views\error\err.ejs:28
    26|     </main>
    27| 
 >> 28|     <%- include("../_share/footer.ejs") %>
    29| 
    30| </body>
    31| 

C:\prod\app2\views\_share\footer.ejs:7
    5|         <h4 class="footer-archive-title">ARCHIVE</h4>
    6|         <ul class="archive-list">
 >> 7|           <% for (var item of archiveDate) { %>
    8|             <li class="archive-item">
    9|               <a class="archive-link" href="/article/archive/date=<%= item.url %>"><%= item.date %>（<%= item.count %>）</a>
    10|             </li>

archiveDate is not defined
[2021-02-26T02:47:40.286] [ERROR] system - C:\prod\app2\views\error\err.ejs:28
    26|     </main>
    27| 
 >> 28|     <%- include("../_share/footer.ejs") %>
    29| 
    30| </body>
    31| 

C:\prod\app2\views\_share\footer.ejs:7
    5|         <h4 class="footer-archive-title">ARCHIVE</h4>
    6|         <ul class="archive-list">
 >> 7|           <% for (var item of archiveDate) { %>
    8|             <li class="archive-item">
    9|               <a class="archive-link" href="/article/archive/date=<%= item.url %>"><%= item.date %>（<%= item.count %>）</a>
    10|             </li>

archiveDate is not defined
[2021-02-26T02:54:59.782] [ERROR] system - C:\prod\app2\views\article\archive\index.ejs:36
    34|             <% } %>
    35| 
 >> 36|               <%- include("./_share/pagenation.ejs") %>
    37|         </div>
    38| 
    39|         <%- include("../../_share/side.ejs") %>

Could not find the include file "./_share/pagenation.ejs"
[2021-02-26T03:00:41.534] [ERROR] system - C:\prod\app2\views\article\archive\index.ejs:36
    34|             <% } %>
    35| 
 >> 36|               <%- include("./_share/pagenation.ejs") %>
    37|         </div>
    38| 
    39|         <%- include("../../_share/side.ejs") %>

Could not find the include file "./_share/pagenation.ejs"
[2021-02-26T03:00:43.037] [ERROR] system - C:\prod\app2\views\article\archive\index.ejs:36
    34|             <% } %>
    35| 
 >> 36|               <%- include("./_share/pagenation.ejs") %>
    37|         </div>
    38| 
    39|         <%- include("../../_share/side.ejs") %>

Could not find the include file "./_share/pagenation.ejs"
[2021-02-26T03:00:48.011] [ERROR] system - C:\prod\app2\views\article\archive\index.ejs:36
    34|             <% } %>
    35| 
 >> 36|               <%- include("./_share/pagenation.ejs") %>
    37|         </div>
    38| 
    39|         <%- include("../../_share/side.ejs") %>

Could not find the include file "./_share/pagenation.ejs"
[2021-02-26T07:40:46.813] [ERROR] system - C:\prod\app2\views\article\archive\index.ejs:36
    34|             <% } %>
    35| 
 >> 36|               <%- include("./pagenation.ejs") %>
    37|         </div>
    38| 
    39|         <%- include("../../_share/side.ejs") %>

C:\prod\app2\views\article\archive\pagenation.ejs:4
    2|   <% if (pagenation.current==1) {%>
    3|     <ul class="pagination d-flex justify-content-end">
 >> 4|       <li class="page-item"><a class="page-link" href="/article/archive/url=<%= archiveDate[0].url %>/page=<%= pagenation.current + 1 %>">次のページ</a>
    5|       </li>
    6| 
    7|       <% } else if (pagenation.current==2) {%>

Cannot read property 'url' of undefined
[2021-02-26T08:10:58.161] [ERROR] system - page is not defined
[2021-02-26T08:10:59.259] [ERROR] system - page is not defined
[2021-02-26T08:10:59.758] [ERROR] system - page is not defined
[2021-02-26T08:10:59.937] [ERROR] system - page is not defined
[2021-02-26T08:11:00.162] [ERROR] system - page is not defined
[2021-02-26T08:11:00.377] [ERROR] system - page is not defined
[2021-02-26T08:14:18.092] [ERROR] system - page is not defined
[2021-02-26T08:14:18.958] [ERROR] system - page is not defined
[2021-02-26T08:14:19.153] [ERROR] system - page is not defined
[2021-02-26T08:14:19.354] [ERROR] system - page is not defined
[2021-02-26T08:19:30.082] [ERROR] system - page is not defined
[2021-02-26T08:19:30.846] [ERROR] system - page is not defined
[2021-02-26T08:19:31.491] [ERROR] system - page is not defined
[2021-02-26T08:19:31.653] [ERROR] system - page is not defined
[2021-02-26T08:19:56.366] [ERROR] system - page is not defined
[2021-02-26T08:24:05.229] [ERROR] system - page is not defined
[2021-02-26T08:26:41.582] [ERROR] system - page is not defined
[2021-02-26T08:26:42.571] [ERROR] system - page is not defined
[2021-02-26T08:26:42.947] [ERROR] system - page is not defined
[2021-02-26T08:26:43.128] [ERROR] system - page is not defined
[2021-02-26T08:27:02.078] [ERROR] system - page is not defined
[2021-02-26T08:34:07.472] [ERROR] system - C:\prod\app2\views\posts\index.ejs:74
    72|     </main>
    73| 
 >> 74|     <%- include("../_share/footer.ejs") %>
    75| 
    76| </body>
    77| 

C:\prod\app2\views\_share\footer.ejs:7
    5|         <h4 class="footer-archive-title">ARCHIVE</h4>
    6|         <ul class="archive-list">
 >> 7|           <% for (var item of archiveDate) { %>
    8|             <li class="archive-item">
    9|               <a class="archive-link" href="/article/archive/date=<%= item.url %>"><%= item.date %>（<%= item.count %>）</a>
    10|             </li>

archiveDate is not defined
[2021-02-26T08:38:17.547] [ERROR] system - C:\prod\app2\views\posts\index.ejs:74
    72|     </main>
    73| 
 >> 74|     <%- include("../_share/footer.ejs") %>
    75| 
    76| </body>
    77| 

C:\prod\app2\views\_share\footer.ejs:7
    5|         <h4 class="footer-archive-title">ARCHIVE</h4>
    6|         <ul class="archive-list">
 >> 7|           <% for (var item of archiveDate) { %>
    8|             <li class="archive-item">
    9|               <a class="archive-link" href="/article/archive/date=<%= item.url %>"><%= item.date %>（<%= item.count %>）</a>
    10|             </li>

archiveDate is not defined
[2021-02-26T09:25:43.754] [ERROR] system - C:\prod\app2\views\profile\index.ejs:43
    41|     </main>
    42| 
 >> 43|     <%- include("../_share/footer.ejs") %>
    44| 
    45| </body>
    46| 

C:\prod\app2\views\_share\footer.ejs:7
    5|         <h4 class="footer-archive-title">ARCHIVE</h4>
    6|         <ul class="archive-list">
 >> 7|           <% for (var item of archiveDate) { %>
    8|             <li class="archive-item">
    9|               <a class="archive-link" href="/article/archive/date=<%= item.url %>"><%= item.date %>（<%= item.count %>）</a>
    10|             </li>

archiveDate is not defined
[2021-02-26T09:34:34.803] [ERROR] system - C:\prod\app2\views\contact\index.ejs:62
    60|     </main>
    61| 
 >> 62|     <%- include("../_share/footer.ejs") %>
    63|     <%- include("../_share/javascript.ejs") %>
    64|       <script src="/public/javascripts/input/index.js"></script>
    65|       <script src="/public/javascripts/input/jquery.validate.min.js"></script>

C:\prod\app2\views\_share\footer.ejs:7
    5|         <h4 class="footer-archive-title">ARCHIVE</h4>
    6|         <ul class="archive-list">
 >> 7|           <% for (var item of archiveDate) { %>
    8|             <li class="archive-item">
    9|               <a class="archive-link" href="/article/archive/date=<%= item.url %>"><%= item.date %>（<%= item.count %>）</a>
    10|             </li>

archiveDate is not defined
[2021-02-26T09:39:45.229] [ERROR] system - Invalid status code: { archiveDate: [Array] }
[2021-02-26T11:36:44.079] [ERROR] system - C:\prod\app2\views\posts\index.ejs:74
    72|     </main>
    73| 
 >> 74|     <%- include("../_share/footer.ejs") %>
    75| 
    76| </body>
    77| 

C:\prod\app2\views\_share\footer.ejs:8
    6|         <div class="archive-box">
    7|           <ul class="archive-list">
 >> 8|             <% for (var item of archiveDate) { %>
    9|               <li class="archive-item">
    10|                 <a class="archive-link" href="/article/archive/date=<%= item.url %>">
    11|                   <%= item.date %>（<%= item.count %>）

archiveDate is not defined
[2021-02-26T11:39:32.423] [ERROR] system - C:\prod\app2\views\posts\index.ejs:74
    72|     </main>
    73| 
 >> 74|     <%- include("../_share/footer.ejs") %>
    75| 
    76| </body>
    77| 

C:\prod\app2\views\_share\footer.ejs:8
    6|         <div class="archive-box">
    7|           <ul class="archive-list">
 >> 8|             <% for (var item of archiveDate) { %>
    9|               <li class="archive-item">
    10|                 <a class="archive-link" href="/article/archive/date=<%= item.url %>">
    11|                   <%= item.date %>（<%= item.count %>）

archiveDate is not defined
[2021-02-28T01:14:03.727] [ERROR] system - C:\prod\app2\views\contact\index.ejs:62
    60|     </main>
    61| 
 >> 62|     <%- include("../_share/footer.ejs") %>
    63|     <%- include("../_share/javascript.ejs") %>
    64|       <script src="/public/javascripts/input/index.js"></script>
    65| </body>

C:\prod\app2\views\_share\footer.ejs:8
    6|         <div class="archive-box">
    7|           <ul class="archive-list">
 >> 8|             <% for (var item of archiveDate) { %>
    9|               <li class="archive-item">
    10|                 <a class="archive-link" href="/article/archive/date=<%= item.url %>">
    11|                   <%= item.date %>（<%= item.count %>）

archiveDate is not defined
[2021-02-28T01:14:18.643] [ERROR] system - C:\prod\app2\views\contact\index.ejs:62
    60|     </main>
    61| 
 >> 62|     <%- include("../_share/footer.ejs") %>
    63|     <%- include("../_share/javascript.ejs") %>
    64|       <script src="/public/javascripts/input/index.js"></script>
    65| </body>

C:\prod\app2\views\_share\footer.ejs:8
    6|         <div class="archive-box">
    7|           <ul class="archive-list">
 >> 8|             <% for (var item of archiveDate) { %>
    9|               <li class="archive-item">
    10|                 <a class="archive-link" href="/article/archive/date=<%= item.url %>">
    11|                   <%= item.date %>（<%= item.count %>）

archiveDate is not defined
[2021-03-04T10:42:30.298] [ERROR] system - Invalid Token.
[2021-03-04T10:43:26.137] [ERROR] system - Invalid Token.
[2021-03-04T10:46:57.204] [ERROR] system - Invalid Token.
[2021-03-04T10:47:10.545] [ERROR] system - Invalid Token.
[2021-03-04T10:47:50.239] [ERROR] system - Invalid Token.
[2021-03-04T10:51:22.480] [ERROR] system - Invalid Token.
[2021-03-04T22:33:33.292] [ERROR] system - C:\prod\app2\views\error\err.ejs:28
    26|     </main>
    27| 
 >> 28|     <%- include("../_share/footer.ejs") %>
    29| 
    30| </body>
    31| 

C:\prod\app2\views\_share\footer.ejs:8
    6|         <div class="archive-box">
    7|           <ul class="archive-list">
 >> 8|             <% for (var item of archiveDate) { %>
    9|               <li class="archive-item">
    10|                 <a class="archive-link" href="/article/archive/date=<%= item.url %>">
    11|                   <%= item.date %>（<%= item.count %>）

archiveDate is not defined
[2021-03-05T00:46:26.950] [ERROR] system - C:\prod\app2\views\error\err.ejs:28
    26|     </main>
    27| 
 >> 28|     <%- include("../_share/footer.ejs") %>
    29| 
    30| </body>
    31| 

C:\prod\app2\views\_share\footer.ejs:8
    6|         <div class="archive-box">
    7|           <ul class="archive-list">
 >> 8|             <% for (var item of archiveDate) { %>
    9|               <li class="archive-item">
    10|                 <a class="archive-link" href="/article/archive/date=<%= item.url %>">
    11|                   <%= item.date %>（<%= item.count %>）

archiveDate is not defined
[2021-03-05T00:52:37.051] [ERROR] system - C:\prod\app2\views\error\err.ejs:28
    26|     </main>
    27| 
 >> 28|     <%- include("../_share/footer.ejs") %>
    29| 
    30| </body>
    31| 

C:\prod\app2\views\_share\footer.ejs:8
    6|         <div class="archive-box">
    7|           <ul class="archive-list">
 >> 8|             <% for (var item of archiveDate) { %>
    9|               <li class="archive-item">
    10|                 <a class="archive-link" href="/article/archive/date=<%= item.url %>">
    11|                   <%= item.date %>（<%= item.count %>）

archiveDate is not defined
[2021-03-05T00:53:25.506] [ERROR] system - C:\prod\app2\views\error\err.ejs:28
    26|     </main>
    27| 
 >> 28|     <%- include("../_share/footer.ejs") %>
    29| 
    30| </body>
    31| 

C:\prod\app2\views\_share\footer.ejs:8
    6|         <div class="archive-box">
    7|           <ul class="archive-list">
 >> 8|             <% for (var item of archiveDate) { %>
    9|               <li class="archive-item">
    10|                 <a class="archive-link" href="/article/archive/date=<%= item.url %>">
    11|                   <%= item.date %>（<%= item.count %>）

archiveDate is not defined
[2021-03-05T00:53:32.062] [ERROR] system - C:\prod\app2\views\error\err.ejs:28
    26|     </main>
    27| 
 >> 28|     <%- include("../_share/footer.ejs") %>
    29| 
    30| </body>
    31| 

C:\prod\app2\views\_share\footer.ejs:8
    6|         <div class="archive-box">
    7|           <ul class="archive-list">
 >> 8|             <% for (var item of archiveDate) { %>
    9|               <li class="archive-item">
    10|                 <a class="archive-link" href="/article/archive/date=<%= item.url %>">
    11|                   <%= item.date %>（<%= item.count %>）

archiveDate is not defined
[2021-03-05T00:54:39.729] [ERROR] system - C:\prod\app2\views\error\err.ejs:28
    26|     </main>
    27| 
 >> 28|     <%- include("../_share/footer.ejs") %>
    29| 
    30| </body>
    31| 

C:\prod\app2\views\_share\footer.ejs:8
    6|         <div class="archive-box">
    7|           <ul class="archive-list">
 >> 8|             <% for (var item of archiveDate) { %>
    9|               <li class="archive-item">
    10|                 <a class="archive-link" href="/article/archive/date=<%= item.url %>">
    11|                   <%= item.date %>（<%= item.count %>）

archiveDate is not defined
[2021-03-05T00:55:34.044] [ERROR] system - C:\prod\app2\views\error\err.ejs:28
    26|     </main>
    27| 
 >> 28|     <%- include("../_share/footer.ejs") %>
    29| 
    30| </body>
    31| 

C:\prod\app2\views\_share\footer.ejs:8
    6|         <div class="archive-box">
    7|           <ul class="archive-list">
 >> 8|             <% for (var item of archiveDate) { %>
    9|               <li class="archive-item">
    10|                 <a class="archive-link" href="/article/archive/date=<%= item.url %>">
    11|                   <%= item.date %>（<%= item.count %>）

archiveDate is not defined
[2021-03-05T00:57:38.722] [ERROR] system - C:\prod\app2\views\error\err.ejs:28
    26|     </main>
    27| 
 >> 28|     <%- include("../_share/footer.ejs") %>
    29| 
    30| </body>
    31| 

C:\prod\app2\views\_share\footer.ejs:8
    6|         <div class="archive-box">
    7|           <ul class="archive-list">
 >> 8|             <% for (var item of archiveDate) { %>
    9|               <li class="archive-item">
    10|                 <a class="archive-link" href="/article/archive/date=<%= item.url %>">
    11|                   <%= item.date %>（<%= item.count %>）

archiveDate is not defined
[2021-03-05T00:58:52.314] [ERROR] system - C:\prod\app2\views\error\err.ejs:28
    26|     </main>
    27| 
 >> 28|     <%- include("../_share/footer.ejs") %>
    29| 
    30| </body>
    31| 

C:\prod\app2\views\_share\footer.ejs:8
    6|         <div class="archive-box">
    7|           <ul class="archive-list">
 >> 8|             <% for (var item of archiveDate) { %>
    9|               <li class="archive-item">
    10|                 <a class="archive-link" href="/article/archive/date=<%= item.url %>">
    11|                   <%= item.date %>（<%= item.count %>）

archiveDate is not defined
[2021-03-05T00:59:35.061] [ERROR] system - C:\prod\app2\views\error\err.ejs:28
    26|     </main>
    27| 
 >> 28|     <%- include("../_share/footer.ejs") %>
    29| 
    30| </body>
    31| 

C:\prod\app2\views\_share\footer.ejs:8
    6|         <div class="archive-box">
    7|           <ul class="archive-list">
 >> 8|             <% for (var item of archiveDate) { %>
    9|               <li class="archive-item">
    10|                 <a class="archive-link" href="/article/archive/date=<%= item.url %>">
    11|                   <%= item.date %>（<%= item.count %>）

archiveDate is not defined
[2021-03-05T00:59:53.406] [ERROR] system - C:\prod\app2\views\error\err.ejs:28
    26|     </main>
    27| 
 >> 28|     <%- include("../_share/footer.ejs") %>
    29| 
    30| </body>
    31| 

C:\prod\app2\views\_share\footer.ejs:8
    6|         <div class="archive-box">
    7|           <ul class="archive-list">
 >> 8|             <% for (var item of archiveDate) { %>
    9|               <li class="archive-item">
    10|                 <a class="archive-link" href="/article/archive/date=<%= item.url %>">
    11|                   <%= item.date %>（<%= item.count %>）

archiveDate is not defined
[2021-03-05T01:00:09.669] [ERROR] system - C:\prod\app2\views\error\err.ejs:28
    26|     </main>
    27| 
 >> 28|     <%- include("../_share/footer.ejs") %>
    29| 
    30| </body>
    31| 

C:\prod\app2\views\_share\footer.ejs:8
    6|         <div class="archive-box">
    7|           <ul class="archive-list">
 >> 8|             <% for (var item of archiveDate) { %>
    9|               <li class="archive-item">
    10|                 <a class="archive-link" href="/article/archive/date=<%= item.url %>">
    11|                   <%= item.date %>（<%= item.count %>）

archiveDate is not defined
[2021-03-05T01:00:10.865] [ERROR] system - C:\prod\app2\views\error\err.ejs:28
    26|     </main>
    27| 
 >> 28|     <%- include("../_share/footer.ejs") %>
    29| 
    30| </body>
    31| 

C:\prod\app2\views\_share\footer.ejs:8
    6|         <div class="archive-box">
    7|           <ul class="archive-list">
 >> 8|             <% for (var item of archiveDate) { %>
    9|               <li class="archive-item">
    10|                 <a class="archive-link" href="/article/archive/date=<%= item.url %>">
    11|                   <%= item.date %>（<%= item.count %>）

archiveDate is not defined
[2021-03-05T01:00:18.931] [ERROR] system - C:\prod\app2\views\error\err.ejs:28
    26|     </main>
    27| 
 >> 28|     <%- include("../_share/footer.ejs") %>
    29| 
    30| </body>
    31| 

C:\prod\app2\views\_share\footer.ejs:8
    6|         <div class="archive-box">
    7|           <ul class="archive-list">
 >> 8|             <% for (var item of archiveDate) { %>
    9|               <li class="archive-item">
    10|                 <a class="archive-link" href="/article/archive/date=<%= item.url %>">
    11|                   <%= item.date %>（<%= item.count %>）

archiveDate is not defined
[2021-03-05T01:00:40.636] [ERROR] system - C:\prod\app2\views\error\err.ejs:28
    26|     </main>
    27| 
 >> 28|     <%- include("../_share/footer.ejs") %>
    29| 
    30| </body>
    31| 

C:\prod\app2\views\_share\footer.ejs:8
    6|         <div class="archive-box">
    7|           <ul class="archive-list">
 >> 8|             <% for (var item of archiveDate) { %>
    9|               <li class="archive-item">
    10|                 <a class="archive-link" href="/article/archive/date=<%= item.url %>">
    11|                   <%= item.date %>（<%= item.count %>）

archiveDate is not defined
[2021-03-05T01:00:48.607] [ERROR] system - C:\prod\app2\views\error\err.ejs:28
    26|     </main>
    27| 
 >> 28|     <%- include("../_share/footer.ejs") %>
    29| 
    30| </body>
    31| 

C:\prod\app2\views\_share\footer.ejs:8
    6|         <div class="archive-box">
    7|           <ul class="archive-list">
 >> 8|             <% for (var item of archiveDate) { %>
    9|               <li class="archive-item">
    10|                 <a class="archive-link" href="/article/archive/date=<%= item.url %>">
    11|                   <%= item.date %>（<%= item.count %>）

archiveDate is not defined
[2021-03-05T01:01:36.772] [ERROR] system - C:\prod\app2\views\error\err.ejs:28
    26|     </main>
    27| 
 >> 28|     <%- include("../_share/footer.ejs") %>
    29| 
    30| </body>
    31| 

C:\prod\app2\views\_share\footer.ejs:8
    6|         <div class="archive-box">
    7|           <ul class="archive-list">
 >> 8|             <% for (var item of archiveDate) { %>
    9|               <li class="archive-item">
    10|                 <a class="archive-link" href="/article/archive/date=<%= item.url %>">
    11|                   <%= item.date %>（<%= item.count %>）

archiveDate is not defined
[2021-03-05T01:02:22.704] [ERROR] system - C:\prod\app2\views\error\err.ejs:28
    26|     </main>
    27| 
 >> 28|     <%- include("../_share/footer.ejs") %>
    29| 
    30| </body>
    31| 

C:\prod\app2\views\_share\footer.ejs:8
    6|         <div class="archive-box">
    7|           <ul class="archive-list">
 >> 8|             <% for (var item of archiveDate) { %>
    9|               <li class="archive-item">
    10|                 <a class="archive-link" href="/article/archive/date=<%= item.url %>">
    11|                   <%= item.date %>（<%= item.count %>）

archiveDate is not defined
[2021-03-05T01:03:54.380] [ERROR] system - C:\prod\app2\views\error\err.ejs:28
    26|     </main>
    27| 
 >> 28|     <%- include("../_share/footer.ejs") %>
    29| 
    30| </body>
    31| 

C:\prod\app2\views\_share\footer.ejs:8
    6|         <div class="archive-box">
    7|           <ul class="archive-list">
 >> 8|             <% for (var item of archiveDate) { %>
    9|               <li class="archive-item">
    10|                 <a class="archive-link" href="/article/archive/date=<%= item.url %>">
    11|                   <%= item.date %>（<%= item.count %>）

archiveDate is not defined
[2021-03-05T01:04:24.262] [ERROR] system - C:\prod\app2\views\error\err.ejs:28
    26|     </main>
    27| 
 >> 28|     <%- include("../_share/footer.ejs") %>
    29| 
    30| </body>
    31| 

C:\prod\app2\views\_share\footer.ejs:8
    6|         <div class="archive-box">
    7|           <ul class="archive-list">
 >> 8|             <% for (var item of archiveDate) { %>
    9|               <li class="archive-item">
    10|                 <a class="archive-link" href="/article/archive/date=<%= item.url %>">
    11|                   <%= item.date %>（<%= item.count %>）

archiveDate is not defined
[2021-03-05T01:04:25.154] [ERROR] system - C:\prod\app2\views\error\err.ejs:28
    26|     </main>
    27| 
 >> 28|     <%- include("../_share/footer.ejs") %>
    29| 
    30| </body>
    31| 

C:\prod\app2\views\_share\footer.ejs:8
    6|         <div class="archive-box">
    7|           <ul class="archive-list">
 >> 8|             <% for (var item of archiveDate) { %>
    9|               <li class="archive-item">
    10|                 <a class="archive-link" href="/article/archive/date=<%= item.url %>">
    11|                   <%= item.date %>（<%= item.count %>）

archiveDate is not defined
[2021-03-05T01:05:14.422] [ERROR] system - C:\prod\app2\views\error\err.ejs:28
    26|     </main>
    27| 
 >> 28|     <%- include("../_share/footer.ejs") %>
    29| 
    30| </body>
    31| 

C:\prod\app2\views\_share\footer.ejs:8
    6|         <div class="archive-box">
    7|           <ul class="archive-list">
 >> 8|             <% for (var item of archiveDate) { %>
    9|               <li class="archive-item">
    10|                 <a class="archive-link" href="/article/archive/date=<%= item.url %>">
    11|                   <%= item.date %>（<%= item.count %>）

archiveDate is not defined
[2021-03-05T01:07:16.257] [ERROR] system - C:\prod\app2\views\error\err.ejs:28
    26|     </main>
    27| 
 >> 28|     <%- include("../_share/footer.ejs") %>
    29| 
    30| </body>
    31| 

C:\prod\app2\views\_share\footer.ejs:8
    6|         <div class="archive-box">
    7|           <ul class="archive-list">
 >> 8|             <% for (var item of archiveDate) { %>
    9|               <li class="archive-item">
    10|                 <a class="archive-link" href="/article/archive/date=<%= item.url %>">
    11|                   <%= item.date %>（<%= item.count %>）

archiveDate is not defined
[2021-03-05T01:07:17.350] [ERROR] system - C:\prod\app2\views\error\err.ejs:28
    26|     </main>
    27| 
 >> 28|     <%- include("../_share/footer.ejs") %>
    29| 
    30| </body>
    31| 

C:\prod\app2\views\_share\footer.ejs:8
    6|         <div class="archive-box">
    7|           <ul class="archive-list">
 >> 8|             <% for (var item of archiveDate) { %>
    9|               <li class="archive-item">
    10|                 <a class="archive-link" href="/article/archive/date=<%= item.url %>">
    11|                   <%= item.date %>（<%= item.count %>）

archiveDate is not defined
[2021-03-05T01:07:19.496] [ERROR] system - C:\prod\app2\views\error\err.ejs:28
    26|     </main>
    27| 
 >> 28|     <%- include("../_share/footer.ejs") %>
    29| 
    30| </body>
    31| 

C:\prod\app2\views\_share\footer.ejs:8
    6|         <div class="archive-box">
    7|           <ul class="archive-list">
 >> 8|             <% for (var item of archiveDate) { %>
    9|               <li class="archive-item">
    10|                 <a class="archive-link" href="/article/archive/date=<%= item.url %>">
    11|                   <%= item.date %>（<%= item.count %>）

archiveDate is not defined
[2021-03-05T01:08:47.200] [ERROR] system - C:\prod\app2\views\error\err.ejs:28
    26|     </main>
    27| 
 >> 28|     <%- include("../_share/footer.ejs") %>
    29| 
    30| </body>
    31| 

C:\prod\app2\views\_share\footer.ejs:8
    6|         <div class="archive-box">
    7|           <ul class="archive-list">
 >> 8|             <% for (var item of archiveDate) { %>
    9|               <li class="archive-item">
    10|                 <a class="archive-link" href="/article/archive/date=<%= item.url %>">
    11|                   <%= item.date %>（<%= item.count %>）

archiveDate is not defined
[2021-03-05T01:08:48.123] [ERROR] system - C:\prod\app2\views\error\err.ejs:28
    26|     </main>
    27| 
 >> 28|     <%- include("../_share/footer.ejs") %>
    29| 
    30| </body>
    31| 

C:\prod\app2\views\_share\footer.ejs:8
    6|         <div class="archive-box">
    7|           <ul class="archive-list">
 >> 8|             <% for (var item of archiveDate) { %>
    9|               <li class="archive-item">
    10|                 <a class="archive-link" href="/article/archive/date=<%= item.url %>">
    11|                   <%= item.date %>（<%= item.count %>）

archiveDate is not defined
[2021-03-05T01:08:48.337] [ERROR] system - C:\prod\app2\views\error\err.ejs:28
    26|     </main>
    27| 
 >> 28|     <%- include("../_share/footer.ejs") %>
    29| 
    30| </body>
    31| 

C:\prod\app2\views\_share\footer.ejs:8
    6|         <div class="archive-box">
    7|           <ul class="archive-list">
 >> 8|             <% for (var item of archiveDate) { %>
    9|               <li class="archive-item">
    10|                 <a class="archive-link" href="/article/archive/date=<%= item.url %>">
    11|                   <%= item.date %>（<%= item.count %>）

archiveDate is not defined
[2021-03-05T01:08:59.323] [ERROR] system - C:\prod\app2\views\error\err.ejs:28
    26|     </main>
    27| 
 >> 28|     <%- include("../_share/footer.ejs") %>
    29| 
    30| </body>
    31| 

C:\prod\app2\views\_share\footer.ejs:8
    6|         <div class="archive-box">
    7|           <ul class="archive-list">
 >> 8|             <% for (var item of archiveDate) { %>
    9|               <li class="archive-item">
    10|                 <a class="archive-link" href="/article/archive/date=<%= item.url %>">
    11|                   <%= item.date %>（<%= item.count %>）

archiveDate is not defined
[2021-03-05T01:10:21.321] [ERROR] system - C:\prod\app2\views\error\err.ejs:28
    26|     </main>
    27| 
 >> 28|     <%- include("../_share/footer.ejs") %>
    29| 
    30| </body>
    31| 

C:\prod\app2\views\_share\footer.ejs:8
    6|         <div class="archive-box">
    7|           <ul class="archive-list">
 >> 8|             <% for (var item of archiveDate) { %>
    9|               <li class="archive-item">
    10|                 <a class="archive-link" href="/article/archive/date=<%= item.url %>">
    11|                   <%= item.date %>（<%= item.count %>）

archiveDate is not defined
[2021-03-05T01:10:43.495] [ERROR] system - C:\prod\app2\views\error\err.ejs:28
    26|     </main>
    27| 
 >> 28|     <%- include("../_share/footer.ejs") %>
    29| 
    30| </body>
    31| 

C:\prod\app2\views\_share\footer.ejs:8
    6|         <div class="archive-box">
    7|           <ul class="archive-list">
 >> 8|             <% for (var item of archiveDate) { %>
    9|               <li class="archive-item">
    10|                 <a class="archive-link" href="/article/archive/date=<%= item.url %>">
    11|                   <%= item.date %>（<%= item.count %>）

archiveDate is not defined
[2021-03-05T01:11:59.448] [ERROR] system - C:\prod\app2\views\error\err.ejs:28
    26|     </main>
    27| 
 >> 28|     <%- include("../_share/footer.ejs") %>
    29| 
    30| </body>
    31| 

C:\prod\app2\views\_share\footer.ejs:8
    6|         <div class="archive-box">
    7|           <ul class="archive-list">
 >> 8|             <% for (var item of archiveDate) { %>
    9|               <li class="archive-item">
    10|                 <a class="archive-link" href="/article/archive/date=<%= item.url %>">
    11|                   <%= item.date %>（<%= item.count %>）

archiveDate is not defined
[2021-03-05T01:13:46.206] [ERROR] system - C:\prod\app2\views\error\err.ejs:28
    26|     </main>
    27| 
 >> 28|     <%- include("../_share/footer.ejs") %>
    29| 
    30| </body>
    31| 

C:\prod\app2\views\_share\footer.ejs:8
    6|         <div class="archive-box">
    7|           <ul class="archive-list">
 >> 8|             <% for (var item of archiveDate) { %>
    9|               <li class="archive-item">
    10|                 <a class="archive-link" href="/article/archive/date=<%= item.url %>">
    11|                   <%= item.date %>（<%= item.count %>）

archiveDate is not defined
[2021-03-05T01:13:47.031] [ERROR] system - C:\prod\app2\views\error\err.ejs:28
    26|     </main>
    27| 
 >> 28|     <%- include("../_share/footer.ejs") %>
    29| 
    30| </body>
    31| 

C:\prod\app2\views\_share\footer.ejs:8
    6|         <div class="archive-box">
    7|           <ul class="archive-list">
 >> 8|             <% for (var item of archiveDate) { %>
    9|               <li class="archive-item">
    10|                 <a class="archive-link" href="/article/archive/date=<%= item.url %>">
    11|                   <%= item.date %>（<%= item.count %>）

archiveDate is not defined
[2021-03-05T01:14:49.487] [ERROR] system - C:\prod\app2\views\error\err.ejs:28
    26|     </main>
    27| 
 >> 28|     <%- include("../_share/footer.ejs") %>
    29| 
    30| </body>
    31| 

C:\prod\app2\views\_share\footer.ejs:8
    6|         <div class="archive-box">
    7|           <ul class="archive-list">
 >> 8|             <% for (var item of archiveDate) { %>
    9|               <li class="archive-item">
    10|                 <a class="archive-link" href="/article/archive/date=<%= item.url %>">
    11|                   <%= item.date %>（<%= item.count %>）

archiveDate is not defined
[2021-03-05T01:15:28.995] [ERROR] system - C:\prod\app2\views\error\err.ejs:28
    26|     </main>
    27| 
 >> 28|     <%- include("../_share/footer.ejs") %>
    29| 
    30| </body>
    31| 

C:\prod\app2\views\_share\footer.ejs:8
    6|         <div class="archive-box">
    7|           <ul class="archive-list">
 >> 8|             <% for (var item of archiveDate) { %>
    9|               <li class="archive-item">
    10|                 <a class="archive-link" href="/article/archive/date=<%= item.url %>">
    11|                   <%= item.date %>（<%= item.count %>）

archiveDate is not defined
[2021-03-05T01:16:13.516] [ERROR] system - C:\prod\app2\views\error\err.ejs:28
    26|     </main>
    27| 
 >> 28|     <%- include("../_share/footer.ejs") %>
    29| 
    30| </body>
    31| 

C:\prod\app2\views\_share\footer.ejs:8
    6|         <div class="archive-box">
    7|           <ul class="archive-list">
 >> 8|             <% for (var item of archiveDate) { %>
    9|               <li class="archive-item">
    10|                 <a class="archive-link" href="/article/archive/date=<%= item.url %>">
    11|                   <%= item.date %>（<%= item.count %>）

archiveDate is not defined
[2021-03-05T01:16:25.296] [ERROR] system - C:\prod\app2\views\error\err.ejs:28
    26|     </main>
    27| 
 >> 28|     <%- include("../_share/footer.ejs") %>
    29| 
    30| </body>
    31| 

C:\prod\app2\views\_share\footer.ejs:8
    6|         <div class="archive-box">
    7|           <ul class="archive-list">
 >> 8|             <% for (var item of archiveDate) { %>
    9|               <li class="archive-item">
    10|                 <a class="archive-link" href="/article/archive/date=<%= item.url %>">
    11|                   <%= item.date %>（<%= item.count %>）

archiveDate is not defined
[2021-03-05T01:17:02.718] [ERROR] system - C:\prod\app2\views\error\err.ejs:28
    26|     </main>
    27| 
 >> 28|     <%- include("../_share/footer.ejs") %>
    29| 
    30| </body>
    31| 

C:\prod\app2\views\_share\footer.ejs:8
    6|         <div class="archive-box">
    7|           <ul class="archive-list">
 >> 8|             <% for (var item of archiveDate) { %>
    9|               <li class="archive-item">
    10|                 <a class="archive-link" href="/article/archive/date=<%= item.url %>">
    11|                   <%= item.date %>（<%= item.count %>）

archiveDate is not defined
[2021-03-05T01:18:24.366] [ERROR] system - C:\prod\app2\views\error\err.ejs:28
    26|     </main>
    27| 
 >> 28|     <%- include("../_share/footer.ejs") %>
    29| 
    30| </body>
    31| 

C:\prod\app2\views\_share\footer.ejs:8
    6|         <div class="archive-box">
    7|           <ul class="archive-list">
 >> 8|             <% for (var item of archiveDate) { %>
    9|               <li class="archive-item">
    10|                 <a class="archive-link" href="/article/archive/date=<%= item.url %>">
    11|                   <%= item.date %>（<%= item.count %>）

archiveDate is not defined
[2021-03-05T01:18:43.117] [ERROR] system - C:\prod\app2\views\error\err.ejs:28
    26|     </main>
    27| 
 >> 28|     <%- include("../_share/footer.ejs") %>
    29| 
    30| </body>
    31| 

C:\prod\app2\views\_share\footer.ejs:8
    6|         <div class="archive-box">
    7|           <ul class="archive-list">
 >> 8|             <% for (var item of archiveDate) { %>
    9|               <li class="archive-item">
    10|                 <a class="archive-link" href="/article/archive/date=<%= item.url %>">
    11|                   <%= item.date %>（<%= item.count %>）

archiveDate is not defined
[2021-03-05T01:18:59.274] [ERROR] system - C:\prod\app2\views\error\err.ejs:28
    26|     </main>
    27| 
 >> 28|     <%- include("../_share/footer.ejs") %>
    29| 
    30| </body>
    31| 

C:\prod\app2\views\_share\footer.ejs:8
    6|         <div class="archive-box">
    7|           <ul class="archive-list">
 >> 8|             <% for (var item of archiveDate) { %>
    9|               <li class="archive-item">
    10|                 <a class="archive-link" href="/article/archive/date=<%= item.url %>">
    11|                   <%= item.date %>（<%= item.count %>）

archiveDate is not defined
[2021-03-05T01:19:34.431] [ERROR] system - C:\prod\app2\views\error\err.ejs:28
    26|     </main>
    27| 
 >> 28|     <%- include("../_share/footer.ejs") %>
    29| 
    30| </body>
    31| 

C:\prod\app2\views\_share\footer.ejs:8
    6|         <div class="archive-box">
    7|           <ul class="archive-list">
 >> 8|             <% for (var item of archiveDate) { %>
    9|               <li class="archive-item">
    10|                 <a class="archive-link" href="/article/archive/date=<%= item.url %>">
    11|                   <%= item.date %>（<%= item.count %>）

archiveDate is not defined
[2021-03-05T01:20:20.833] [ERROR] system - C:\prod\app2\views\error\err.ejs:28
    26|     </main>
    27| 
 >> 28|     <%- include("../_share/footer.ejs") %>
    29| 
    30| </body>
    31| 

C:\prod\app2\views\_share\footer.ejs:8
    6|         <div class="archive-box">
    7|           <ul class="archive-list">
 >> 8|             <% for (var item of archiveDate) { %>
    9|               <li class="archive-item">
    10|                 <a class="archive-link" href="/article/archive/date=<%= item.url %>">
    11|                   <%= item.date %>（<%= item.count %>）

archiveDate is not defined
[2021-03-05T01:20:43.423] [ERROR] system - C:\prod\app2\views\error\err.ejs:28
    26|     </main>
    27| 
 >> 28|     <%- include("../_share/footer.ejs") %>
    29| 
    30| </body>
    31| 

C:\prod\app2\views\_share\footer.ejs:8
    6|         <div class="archive-box">
    7|           <ul class="archive-list">
 >> 8|             <% for (var item of archiveDate) { %>
    9|               <li class="archive-item">
    10|                 <a class="archive-link" href="/article/archive/date=<%= item.url %>">
    11|                   <%= item.date %>（<%= item.count %>）

archiveDate is not defined
[2021-03-05T01:21:46.050] [ERROR] system - C:\prod\app2\views\error\err.ejs:28
    26|     </main>
    27| 
 >> 28|     <%- include("../_share/footer.ejs") %>
    29| 
    30| </body>
    31| 

C:\prod\app2\views\_share\footer.ejs:8
    6|         <div class="archive-box">
    7|           <ul class="archive-list">
 >> 8|             <% for (var item of archiveDate) { %>
    9|               <li class="archive-item">
    10|                 <a class="archive-link" href="/article/archive/date=<%= item.url %>">
    11|                   <%= item.date %>（<%= item.count %>）

archiveDate is not defined
[2021-03-05T01:23:22.423] [ERROR] system - C:\prod\app2\views\error\err.ejs:28
    26|     </main>
    27| 
 >> 28|     <%- include("../_share/footer.ejs") %>
    29| 
    30| </body>
    31| 

C:\prod\app2\views\_share\footer.ejs:8
    6|         <div class="archive-box">
    7|           <ul class="archive-list">
 >> 8|             <% for (var item of archiveDate) { %>
    9|               <li class="archive-item">
    10|                 <a class="archive-link" href="/article/archive/date=<%= item.url %>">
    11|                   <%= item.date %>（<%= item.count %>）

archiveDate is not defined
[2021-03-05T01:25:20.562] [ERROR] system - C:\prod\app2\views\error\err.ejs:28
    26|     </main>
    27| 
 >> 28|     <%- include("../_share/footer.ejs") %>
    29| 
    30| </body>
    31| 

C:\prod\app2\views\_share\footer.ejs:8
    6|         <div class="archive-box">
    7|           <ul class="archive-list">
 >> 8|             <% for (var item of archiveDate) { %>
    9|               <li class="archive-item">
    10|                 <a class="archive-link" href="/article/archive/date=<%= item.url %>">
    11|                   <%= item.date %>（<%= item.count %>）

archiveDate is not defined
[2021-03-05T01:26:24.610] [ERROR] system - C:\prod\app2\views\error\err.ejs:28
    26|     </main>
    27| 
 >> 28|     <%- include("../_share/footer.ejs") %>
    29| 
    30| </body>
    31| 

C:\prod\app2\views\_share\footer.ejs:8
    6|         <div class="archive-box">
    7|           <ul class="archive-list">
 >> 8|             <% for (var item of archiveDate) { %>
    9|               <li class="archive-item">
    10|                 <a class="archive-link" href="/article/archive/date=<%= item.url %>">
    11|                   <%= item.date %>（<%= item.count %>）

archiveDate is not defined
[2021-03-05T01:29:07.185] [ERROR] system - C:\prod\app2\views\error\err.ejs:28
    26|     </main>
    27| 
 >> 28|     <%- include("../_share/footer.ejs") %>
    29| 
    30| </body>
    31| 

C:\prod\app2\views\_share\footer.ejs:8
    6|         <div class="archive-box">
    7|           <ul class="archive-list">
 >> 8|             <% for (var item of archiveDate) { %>
    9|               <li class="archive-item">
    10|                 <a class="archive-link" href="/article/archive/date=<%= item.url %>">
    11|                   <%= item.date %>（<%= item.count %>）

archiveDate is not defined
[2021-03-05T01:29:25.749] [ERROR] system - C:\prod\app2\views\error\err.ejs:28
    26|     </main>
    27| 
 >> 28|     <%- include("../_share/footer.ejs") %>
    29| 
    30| </body>
    31| 

C:\prod\app2\views\_share\footer.ejs:8
    6|         <div class="archive-box">
    7|           <ul class="archive-list">
 >> 8|             <% for (var item of archiveDate) { %>
    9|               <li class="archive-item">
    10|                 <a class="archive-link" href="/article/archive/date=<%= item.url %>">
    11|                   <%= item.date %>（<%= item.count %>）

archiveDate is not defined
[2021-03-05T01:29:42.920] [ERROR] system - C:\prod\app2\views\error\err.ejs:28
    26|     </main>
    27| 
 >> 28|     <%- include("../_share/footer.ejs") %>
    29| 
    30| </body>
    31| 

C:\prod\app2\views\_share\footer.ejs:8
    6|         <div class="archive-box">
    7|           <ul class="archive-list">
 >> 8|             <% for (var item of archiveDate) { %>
    9|               <li class="archive-item">
    10|                 <a class="archive-link" href="/article/archive/date=<%= item.url %>">
    11|                   <%= item.date %>（<%= item.count %>）

archiveDate is not defined
[2021-03-05T01:30:13.663] [ERROR] system - C:\prod\app2\views\error\err.ejs:28
    26|     </main>
    27| 
 >> 28|     <%- include("../_share/footer.ejs") %>
    29| 
    30| </body>
    31| 

C:\prod\app2\views\_share\footer.ejs:8
    6|         <div class="archive-box">
    7|           <ul class="archive-list">
 >> 8|             <% for (var item of archiveDate) { %>
    9|               <li class="archive-item">
    10|                 <a class="archive-link" href="/article/archive/date=<%= item.url %>">
    11|                   <%= item.date %>（<%= item.count %>）

archiveDate is not defined
[2021-03-05T01:30:14.724] [ERROR] system - C:\prod\app2\views\error\err.ejs:28
    26|     </main>
    27| 
 >> 28|     <%- include("../_share/footer.ejs") %>
    29| 
    30| </body>
    31| 

C:\prod\app2\views\_share\footer.ejs:8
    6|         <div class="archive-box">
    7|           <ul class="archive-list">
 >> 8|             <% for (var item of archiveDate) { %>
    9|               <li class="archive-item">
    10|                 <a class="archive-link" href="/article/archive/date=<%= item.url %>">
    11|                   <%= item.date %>（<%= item.count %>）

archiveDate is not defined
[2021-03-05T01:30:58.091] [ERROR] system - C:\prod\app2\views\error\err.ejs:28
    26|     </main>
    27| 
 >> 28|     <%- include("../_share/footer.ejs") %>
    29| 
    30| </body>
    31| 

C:\prod\app2\views\_share\footer.ejs:8
    6|         <div class="archive-box">
    7|           <ul class="archive-list">
 >> 8|             <% for (var item of archiveDate) { %>
    9|               <li class="archive-item">
    10|                 <a class="archive-link" href="/article/archive/date=<%= item.url %>">
    11|                   <%= item.date %>（<%= item.count %>）

archiveDate is not defined
[2021-03-05T01:34:29.999] [ERROR] system - C:\prod\app2\views\error\err.ejs:28
    26|     </main>
    27| 
 >> 28|     <%- include("../_share/footer.ejs") %>
    29| 
    30| </body>
    31| 

C:\prod\app2\views\_share\footer.ejs:8
    6|         <div class="archive-box">
    7|           <ul class="archive-list">
 >> 8|             <% for (var item of archiveDate) { %>
    9|               <li class="archive-item">
    10|                 <a class="archive-link" href="/article/archive/date=<%= item.url %>">
    11|                   <%= item.date %>（<%= item.count %>）

archiveDate is not defined
[2021-03-05T01:44:24.508] [ERROR] system - Invalid Token.
[2021-03-07T21:31:01.044] [ERROR] system - Cannot read property 'findOne' of undefined
[2021-03-07T21:33:19.383] [ERROR] system - Cannot read property 'findOne' of undefined
[2021-03-07T21:37:50.551] [ERROR] system - Cannot read property 'findOne' of undefined
[2021-03-07T21:41:21.253] [ERROR] system - Cannot read property 'findOne' of undefined
[2021-03-07T21:44:14.280] [ERROR] system - Cannot read property 'findOne' of undefined
[2021-03-07T21:44:20.254] [ERROR] system - Cannot read property 'findOne' of undefined
[2021-03-07T21:44:33.506] [ERROR] system - Cannot read property 'findOne' of undefined
[2021-03-07T21:45:16.335] [ERROR] system - Cannot read property 'findOne' of undefined
[2021-03-07T21:45:44.104] [ERROR] system - Cannot read property 'findOne' of undefined
[2021-03-07T22:28:52.261] [ERROR] system - Cannot read property 'findOne' of undefined
[2021-03-07T22:46:27.952] [ERROR] system - Cannot read property 'findOne' of undefined
[2021-03-07T22:48:41.205] [ERROR] system - Cannot read property 'findOne' of undefined
[2021-03-07T22:50:35.526] [ERROR] system - Unknown column 'createdAt' in 'field list'
[2021-03-07T23:04:10.942] [ERROR] system - sequelize.query is not a function
[2021-03-07T23:13:19.203] [ERROR] system - Unknown column 'owner' in 'where clause'
[2021-03-13T06:02:01.166] [ERROR] system - tokens is not defined
[2021-03-13T06:10:07.239] [ERROR] system - done is not a function
[2021-03-13T06:13:09.458] [ERROR] system - done is not a function
[2021-03-13T06:14:19.782] [ERROR] system - 
[2021-03-13T06:14:20.991] [ERROR] system - 
[2021-03-13T06:15:41.434] [ERROR] system - 
[2021-03-13T06:22:23.641] [ERROR] system - 
[2021-03-13T06:23:46.098] [ERROR] system - done is not a function
[2021-03-13T07:08:47.117] [ERROR] system - Invalid Token.
[2021-03-14T18:23:30.574] [ERROR] system - Invalid Token.
[2021-03-14T18:23:36.509] [ERROR] system - Invalid Token.
[2021-03-22T07:00:03.871] [ERROR] system - Failed to lookup view "./account/posts/confirm.ejs" in views directory "C:\prod\app2\views"
[2021-03-24T22:10:09.364] [ERROR] system - Cannot convert object to primitive value
[2021-03-24T22:33:36.903] [ERROR] system - now.toFormat is not a function
[2021-03-24T22:34:14.205] [ERROR] system - now.toFormat is not a function
[2021-03-24T22:39:15.400] [ERROR] system - Cannot read property 'image' of undefined
[2021-03-27T01:44:41.799] [ERROR] system - Cannot read property 'file' of null
[2021-03-27T01:56:03.548] [ERROR] system - Cannot read property 'file' of undefined
[2021-03-27T02:05:00.653] [ERROR] system - Converting circular structure to JSON
    --> starting at object with constructor 'Socket'
    |     property 'parser' -> object with constructor 'HTTPParser'
    --- property 'socket' closes the circle
[2021-03-27T02:45:40.952] [ERROR] system - Converting circular structure to JSON
    --> starting at object with constructor 'Socket'
    |     property 'parser' -> object with constructor 'HTTPParser'
    --- property 'socket' closes the circle
[2021-03-28T22:35:49.141] [ERROR] system - Cannot read property 'file' of undefined
[2021-03-28T22:49:49.046] [ERROR] system - Cannot read property 'file' of undefined
[2021-04-04T19:00:49.194] [ERROR] system - Failed to lookup view "./account/article-list/index.ejs" in views directory "C:\prod\app2\views"
[2021-04-12T07:25:52.787] [ERROR] system - C:\prod\app2\views\account\list\index.ejs:76
    74|                 </tbody>
    75|               </table>
 >> 76|               <%- include("./pagenation.ejs") %>
    77| 
    78|             </div>
    79|           </main>

Unexpected token 'else' in C:\prod\app2\views\account\list\pagenation.ejs while compiling ejs

If the above error is not helpful, you may want to try EJS-Lint:
https://github.com/RyanZim/EJS-Lint
Or, if you meant to create an async function, pass `async: true` as an option.
[2021-04-12T07:26:11.615] [ERROR] system - C:\prod\app2\views\account\list\index.ejs:76
    74|                 </tbody>
    75|               </table>
 >> 76|               <%- include("./pagenation.ejs") %>
    77| 
    78|             </div>
    79|           </main>

Unexpected token 'else' in C:\prod\app2\views\account\list\pagenation.ejs while compiling ejs

If the above error is not helpful, you may want to try EJS-Lint:
https://github.com/RyanZim/EJS-Lint
Or, if you meant to create an async function, pass `async: true` as an option.
[2021-04-12T07:26:12.043] [ERROR] system - C:\prod\app2\views\account\list\index.ejs:76
    74|                 </tbody>
    75|               </table>
 >> 76|               <%- include("./pagenation.ejs") %>
    77| 
    78|             </div>
    79|           </main>

Unexpected token 'else' in C:\prod\app2\views\account\list\pagenation.ejs while compiling ejs

If the above error is not helpful, you may want to try EJS-Lint:
https://github.com/RyanZim/EJS-Lint
Or, if you meant to create an async function, pass `async: true` as an option.
[2021-04-12T07:26:12.231] [ERROR] system - C:\prod\app2\views\account\list\index.ejs:76
    74|                 </tbody>
    75|               </table>
 >> 76|               <%- include("./pagenation.ejs") %>
    77| 
    78|             </div>
    79|           </main>

Unexpected token 'else' in C:\prod\app2\views\account\list\pagenation.ejs while compiling ejs

If the above error is not helpful, you may want to try EJS-Lint:
https://github.com/RyanZim/EJS-Lint
Or, if you meant to create an async function, pass `async: true` as an option.
[2021-04-12T07:26:12.393] [ERROR] system - C:\prod\app2\views\account\list\index.ejs:76
    74|                 </tbody>
    75|               </table>
 >> 76|               <%- include("./pagenation.ejs") %>
    77| 
    78|             </div>
    79|           </main>

Unexpected token 'else' in C:\prod\app2\views\account\list\pagenation.ejs while compiling ejs

If the above error is not helpful, you may want to try EJS-Lint:
https://github.com/RyanZim/EJS-Lint
Or, if you meant to create an async function, pass `async: true` as an option.
[2021-04-12T07:26:12.542] [ERROR] system - C:\prod\app2\views\account\list\index.ejs:76
    74|                 </tbody>
    75|               </table>
 >> 76|               <%- include("./pagenation.ejs") %>
    77| 
    78|             </div>
    79|           </main>

Unexpected token 'else' in C:\prod\app2\views\account\list\pagenation.ejs while compiling ejs

If the above error is not helpful, you may want to try EJS-Lint:
https://github.com/RyanZim/EJS-Lint
Or, if you meant to create an async function, pass `async: true` as an option.
[2021-04-12T07:31:18.127] [ERROR] system - C:\prod\app2\views\account\list\index.ejs:76
    74|                 </tbody>
    75|               </table>
 >> 76|               <%- include("./pagenation.ejs") %>
    77| 
    78|             </div>
    79|           </main>

Unexpected token 'else' in C:\prod\app2\views\account\list\pagenation.ejs while compiling ejs

If the above error is not helpful, you may want to try EJS-Lint:
https://github.com/RyanZim/EJS-Lint
Or, if you meant to create an async function, pass `async: true` as an option.
[2021-04-12T07:36:49.085] [ERROR] system - C:\prod\app2\views\account\list\index.ejs:76
    74|                 </tbody>
    75|               </table>
 >> 76|               <%- include("./pagenation.ejs") %>
    77| 
    78|             </div>
    79|           </main>

Unexpected token 'else' in C:\prod\app2\views\account\list\pagenation.ejs while compiling ejs

If the above error is not helpful, you may want to try EJS-Lint:
https://github.com/RyanZim/EJS-Lint
Or, if you meant to create an async function, pass `async: true` as an option.
[2021-04-12T07:36:49.752] [ERROR] system - C:\prod\app2\views\account\list\index.ejs:76
    74|                 </tbody>
    75|               </table>
 >> 76|               <%- include("./pagenation.ejs") %>
    77| 
    78|             </div>
    79|           </main>

Unexpected token 'else' in C:\prod\app2\views\account\list\pagenation.ejs while compiling ejs

If the above error is not helpful, you may want to try EJS-Lint:
https://github.com/RyanZim/EJS-Lint
Or, if you meant to create an async function, pass `async: true` as an option.
[2021-04-12T07:36:50.040] [ERROR] system - C:\prod\app2\views\account\list\index.ejs:76
    74|                 </tbody>
    75|               </table>
 >> 76|               <%- include("./pagenation.ejs") %>
    77| 
    78|             </div>
    79|           </main>

Unexpected token 'else' in C:\prod\app2\views\account\list\pagenation.ejs while compiling ejs

If the above error is not helpful, you may want to try EJS-Lint:
https://github.com/RyanZim/EJS-Lint
Or, if you meant to create an async function, pass `async: true` as an option.
[2021-04-12T07:42:48.674] [ERROR] system - C:\prod\app2\views\account\list\index.ejs:76
    74|                 </tbody>
    75|               </table>
 >> 76|               <%- include("./pagenation.ejs") %>
    77| 
    78|             </div>
    79|           </main>

Unexpected token 'else' in C:\prod\app2\views\account\list\pagenation.ejs while compiling ejs

If the above error is not helpful, you may want to try EJS-Lint:
https://github.com/RyanZim/EJS-Lint
Or, if you meant to create an async function, pass `async: true` as an option.
[2021-04-12T07:42:49.279] [ERROR] system - C:\prod\app2\views\account\list\index.ejs:76
    74|                 </tbody>
    75|               </table>
 >> 76|               <%- include("./pagenation.ejs") %>
    77| 
    78|             </div>
    79|           </main>

Unexpected token 'else' in C:\prod\app2\views\account\list\pagenation.ejs while compiling ejs

If the above error is not helpful, you may want to try EJS-Lint:
https://github.com/RyanZim/EJS-Lint
Or, if you meant to create an async function, pass `async: true` as an option.
[2021-04-12T07:42:49.474] [ERROR] system - C:\prod\app2\views\account\list\index.ejs:76
    74|                 </tbody>
    75|               </table>
 >> 76|               <%- include("./pagenation.ejs") %>
    77| 
    78|             </div>
    79|           </main>

Unexpected token 'else' in C:\prod\app2\views\account\list\pagenation.ejs while compiling ejs

If the above error is not helpful, you may want to try EJS-Lint:
https://github.com/RyanZim/EJS-Lint
Or, if you meant to create an async function, pass `async: true` as an option.
[2021-04-12T07:42:49.645] [ERROR] system - C:\prod\app2\views\account\list\index.ejs:76
    74|                 </tbody>
    75|               </table>
 >> 76|               <%- include("./pagenation.ejs") %>
    77| 
    78|             </div>
    79|           </main>

Unexpected token 'else' in C:\prod\app2\views\account\list\pagenation.ejs while compiling ejs

If the above error is not helpful, you may want to try EJS-Lint:
https://github.com/RyanZim/EJS-Lint
Or, if you meant to create an async function, pass `async: true` as an option.
[2021-04-12T07:42:52.031] [ERROR] system - C:\prod\app2\views\account\list\index.ejs:76
    74|                 </tbody>
    75|               </table>
 >> 76|               <%- include("./pagenation.ejs") %>
    77| 
    78|             </div>
    79|           </main>

Unexpected token 'else' in C:\prod\app2\views\account\list\pagenation.ejs while compiling ejs

If the above error is not helpful, you may want to try EJS-Lint:
https://github.com/RyanZim/EJS-Lint
Or, if you meant to create an async function, pass `async: true` as an option.
[2021-04-12T07:43:54.586] [ERROR] system - Unexpected token 'else' in C:\prod\app2\views\account\list\index.ejs while compiling ejs

If the above error is not helpful, you may want to try EJS-Lint:
https://github.com/RyanZim/EJS-Lint
Or, if you meant to create an async function, pass `async: true` as an option.
[2021-04-12T07:43:55.421] [ERROR] system - Unexpected token 'else' in C:\prod\app2\views\account\list\index.ejs while compiling ejs

If the above error is not helpful, you may want to try EJS-Lint:
https://github.com/RyanZim/EJS-Lint
Or, if you meant to create an async function, pass `async: true` as an option.
[2021-04-12T08:01:33.424] [ERROR] system - Unexpected token 'else' in C:\prod\app2\views\account\list\index.ejs while compiling ejs

If the above error is not helpful, you may want to try EJS-Lint:
https://github.com/RyanZim/EJS-Lint
Or, if you meant to create an async function, pass `async: true` as an option.
[2021-04-12T08:01:33.862] [ERROR] system - Unexpected token 'else' in C:\prod\app2\views\account\list\index.ejs while compiling ejs

If the above error is not helpful, you may want to try EJS-Lint:
https://github.com/RyanZim/EJS-Lint
Or, if you meant to create an async function, pass `async: true` as an option.
[2021-04-12T08:01:34.047] [ERROR] system - Unexpected token 'else' in C:\prod\app2\views\account\list\index.ejs while compiling ejs

If the above error is not helpful, you may want to try EJS-Lint:
https://github.com/RyanZim/EJS-Lint
Or, if you meant to create an async function, pass `async: true` as an option.
[2021-04-12T08:01:34.201] [ERROR] system - Unexpected token 'else' in C:\prod\app2\views\account\list\index.ejs while compiling ejs

If the above error is not helpful, you may want to try EJS-Lint:
https://github.com/RyanZim/EJS-Lint
Or, if you meant to create an async function, pass `async: true` as an option.
[2021-04-12T08:02:28.305] [ERROR] system - Unexpected token 'else' in C:\prod\app2\views\account\list\index.ejs while compiling ejs

If the above error is not helpful, you may want to try EJS-Lint:
https://github.com/RyanZim/EJS-Lint
Or, if you meant to create an async function, pass `async: true` as an option.
[2021-04-12T09:21:15.974] [ERROR] system - Invalid Token.
[2021-04-12T09:25:50.549] [ERROR] system - Cannot read property 'file' of undefined
[2021-04-13T10:37:20.364] [ERROR] system - Cannot read property 'file' of undefined
[2021-04-13T10:44:10.259] [ERROR] system - ENOENT: no such file or directory, open 'C:\prod\app2\public\development\image\ONEOKROCK_heaven_corinnecumming25_970_645_s_c1-e1545420700517 (2).jpg2021\4\13'
[2021-04-13T10:47:14.133] [ERROR] system - Cannot read property 'file' of undefined
[2021-04-13T10:48:07.067] [ERROR] system - Cannot read property 'file' of undefined
[2021-04-13T10:49:31.803] [ERROR] system - Cannot read property 'file' of undefined
[2021-04-13T10:50:54.629] [ERROR] system - Cannot read property 'file' of undefined
[2021-04-13T10:55:28.981] [ERROR] system - Cannot read property 'file' of undefined
[2021-04-13T11:00:19.095] [ERROR] system - Cannot read property 'file' of undefined
[2021-04-13T11:01:14.474] [ERROR] system - Cannot read property 'file' of undefined
[2021-04-13T11:04:28.475] [ERROR] system - Invalid Token.
[2021-04-13T11:11:16.742] [ERROR] system - ENOENT: no such file or directory, open 'C:\prod\app2\public\development\image\Tue Apr 13 2021 11:11:16 GMT+0900 (GMT+09:00)images (2).jpg'
